<?xml version="1.0" encoding="UTF-8"?>
<testsuite name="Matrix" tests="4" skipped="0" failures="0" errors="0" timestamp="2023-01-24T15:02:16" hostname="DESKTOP-QVLRFM4" time="0.364">
  <properties/>
  <testcase name="Determinant" classname="Matrix" time="0.352"/>
  <testcase name="Transpose" classname="Matrix" time="0.004"/>
  <testcase name="Inverse" classname="Matrix" time="0.003"/>
  <testcase name="Cofactor" classname="Matrix" time="0.005"/>
  <system-out><![CDATA[]]></system-out>
  <system-err><![CDATA[]]></system-err>
</testsuite>
